app/manifest-merger-release-report.txt
-- Merging decision tree log ---
manifest
ADDED from AndroidManifest.xml:2:1
	package
		ADDED from AndroidManifest.xml:3:7
		INJECTED from AndroidManifest.xml:0:0
		INJECTED from AndroidManifest.xml:0:0
	android:versionName
		ADDED from AndroidManifest.xml:5:7
	android:versionCode
		ADDED from AndroidManifest.xml:4:7
		INJECTED from AndroidManifest.xml:0:0
		INJECTED from AndroidManifest.xml:0:0
	xmlns:android
		ADDED from AndroidManifest.xml:2:11
uses-sdk
ADDED from AndroidManifest.xml:14:5
	android:targetSdkVersion
		ADDED from AndroidManifest.xml:14:41
		INJECTED from AndroidManifest.xml:0:0
		INJECTED from AndroidManifest.xml:0:0
	android:minSdkVersion
		ADDED from AndroidManifest.xml:14:15
		INJECTED from AndroidManifest.xml:0:0
		INJECTED from AndroidManifest.xml:0:0
uses-feature#0x00020000
ADDED from AndroidManifest.xml:16:5
	android:glEsVersion
		ADDED from AndroidManifest.xml:16:19
uses-feature#android.hardware.camera
ADDED from AndroidManifest.xml:32:5
	android:name
		ADDED from AndroidManifest.xml:32:19
uses-permission#android.permission.CAMERA
ADDED from AndroidManifest.xml:37:5
	android:name
		ADDED from AndroidManifest.xml:37:22
uses-permission#android.permission.INTERNET
ADDED from AndroidManifest.xml:42:5
	android:name
		ADDED from AndroidManifest.xml:42:22
uses-permission#android.permission.ACCESS_NETWORK_STATE
ADDED from AndroidManifest.xml:48:5
	android:name
		ADDED from AndroidManifest.xml:48:22
application
ADDED from AndroidManifest.xml:60:5
	android:label
		ADDED from AndroidManifest.xml:62:9
	android:launchMode
		ADDED from AndroidManifest.xml:64:9
	android:allowBackup
		ADDED from AndroidManifest.xml:66:9
	android:icon
		ADDED from AndroidManifest.xml:61:9
	android:description
		ADDED from AndroidManifest.xml:63:9
	android:theme
		ADDED from AndroidManifest.xml:65:9
activity#com.daruni.QCAR.ImageTargets.ActivitySplashScreen
ADDED from AndroidManifest.xml:84:9
	android:screenOrientation
		ADDED from AndroidManifest.xml:86:13
	android:noHistory
		ADDED from AndroidManifest.xml:88:13
	android:configChanges
		ADDED from AndroidManifest.xml:87:13
	android:name
		ADDED from AndroidManifest.xml:85:13
intent-filter#android.intent.action.MAIN+android.intent.category.LAUNCHER
ADDED from AndroidManifest.xml:89:13
action#android.intent.action.MAIN
ADDED from AndroidManifest.xml:90:17
	android:name
		ADDED from AndroidManifest.xml:90:25
category#android.intent.category.LAUNCHER
ADDED from AndroidManifest.xml:92:17
	android:name
		ADDED from AndroidManifest.xml:92:27
activity#com.daruni.QCAR.ImageTargets.AboutScreen
ADDED from AndroidManifest.xml:97:9
	android:screenOrientation
		ADDED from AndroidManifest.xml:99:13
	android:configChanges
		ADDED from AndroidManifest.xml:100:13
	android:name
		ADDED from AndroidManifest.xml:98:13
activity#com.daruni.QCAR.ImageTargets.ImageTargets
ADDED from AndroidManifest.xml:103:9
	android:screenOrientation
		ADDED from AndroidManifest.xml:105:13
	android:configChanges
		ADDED from AndroidManifest.xml:106:13
	android:name
		ADDED from AndroidManifest.xml:104:13